------------------------------------------------------------------------------------------------------------------------

[2025-10-09 17:27:59 #1 store] 
Database 'C:\Users\Haritz\Desktop\UNI\4.urtea\SI2\SI2\Rides24\src\main\resources\rides.temp' has been recovered (tr. 472-520)

[2025-10-09 17:27:59 #2 store] 
Database 'C:\Users\Haritz\Desktop\UNI\4.urtea\SI2\SI2\Rides24\src\main\resources\rides.temp' is opened by 12300@Vivobook-ASUS

[2025-10-09 17:27:59 #3 type] 
Type domain.Driver is not enhanced.

[2025-10-09 17:27:59 #4 type] 
Type domain.Complaint is not enhanced.

[2025-10-09 17:27:59 #5 type] 
Type domain.Transaction is not enhanced.

[2025-10-09 17:27:59 #6 type] 
Type domain.Car is not enhanced.

[2025-10-09 17:27:59 #7 type] 
Type domain.Reservation is not enhanced.

[2025-10-09 17:27:59 #8 type] 
Type domain.Ride is not enhanced.

[2025-10-09 17:27:59 #9 type] 
Type domain.Traveler is not enhanced.

[2025-10-09 17:27:59 #10 type] 
Type domain.Alert is not enhanced.

[2025-10-09 17:27:59 #11 type] 
Type domain.Admin is not enhanced.

------------------------------------------------------------------------------------------------------------------------

[2025-10-09 17:28:08 #1 store] 
Database 'C:\Users\Haritz\Desktop\UNI\4.urtea\SI2\SI2\Rides24\src\main\resources\rides.temp' has been recovered (tr. 521-526)

[2025-10-09 17:28:08 #2 store] 
Database 'C:\Users\Haritz\Desktop\UNI\4.urtea\SI2\SI2\Rides24\src\main\resources\rides.temp' is opened by 15036@Vivobook-ASUS

[2025-10-09 17:28:08 #3 type] 
Type domain.Driver is not enhanced.

[2025-10-09 17:28:08 #4 type] 
Type domain.Complaint is not enhanced.

[2025-10-09 17:28:08 #5 type] 
Type domain.Transaction is not enhanced.

[2025-10-09 17:28:08 #6 type] 
Type domain.Car is not enhanced.

[2025-10-09 17:28:08 #7 type] 
Type domain.Reservation is not enhanced.

[2025-10-09 17:28:08 #8 type] 
Type domain.Ride is not enhanced.

[2025-10-09 17:28:08 #9 type] 
Type domain.Traveler is not enhanced.

[2025-10-09 17:28:08 #10 type] 
Type domain.Alert is not enhanced.

[2025-10-09 17:28:08 #11 type] 
Type domain.Admin is not enhanced.

------------------------------------------------------------------------------------------------------------------------

[2025-10-09 17:28:15 #1 store] 
Database 'C:\Users\Haritz\Desktop\UNI\4.urtea\SI2\SI2\Rides24\src\main\resources\rides.temp' has been recovered (tr. 527-528)

[2025-10-09 17:28:15 #2 store] 
Database 'C:\Users\Haritz\Desktop\UNI\4.urtea\SI2\SI2\Rides24\src\main\resources\rides.temp' is opened by 20796@Vivobook-ASUS

[2025-10-09 17:28:15 #3 type] 
Type domain.Driver is not enhanced.

[2025-10-09 17:28:15 #4 type] 
Type domain.Complaint is not enhanced.

[2025-10-09 17:28:15 #5 type] 
Type domain.Transaction is not enhanced.

[2025-10-09 17:28:15 #6 type] 
Type domain.Car is not enhanced.

[2025-10-09 17:28:15 #7 type] 
Type domain.Reservation is not enhanced.

[2025-10-09 17:28:15 #8 type] 
Type domain.Ride is not enhanced.

[2025-10-09 17:28:15 #9 type] 
Type domain.Traveler is not enhanced.

[2025-10-09 17:28:15 #10 type] 
Type domain.Alert is not enhanced.

[2025-10-09 17:28:15 #11 type] 
Type domain.Admin is not enhanced.

------------------------------------------------------------------------------------------------------------------------

[2025-10-09 17:28:30 #1 store] 
Database 'C:\Users\Haritz\Desktop\UNI\4.urtea\SI2\SI2\Rides24\src\main\resources\rides.temp' has been recovered (tr. 530-536)

[2025-10-09 17:28:30 #2 store] 
Database 'C:\Users\Haritz\Desktop\UNI\4.urtea\SI2\SI2\Rides24\src\main\resources\rides.temp' is opened by 14152@Vivobook-ASUS

[2025-10-09 17:28:30 #3 type] 
Type domain.Driver is not enhanced.

[2025-10-09 17:28:30 #4 type] 
Type domain.Complaint is not enhanced.

[2025-10-09 17:28:30 #5 type] 
Type domain.Transaction is not enhanced.

[2025-10-09 17:28:30 #6 type] 
Type domain.Car is not enhanced.

[2025-10-09 17:28:30 #7 type] 
Type domain.Reservation is not enhanced.

[2025-10-09 17:28:30 #8 type] 
Type domain.Ride is not enhanced.

[2025-10-09 17:28:30 #9 type] 
Type domain.Traveler is not enhanced.

[2025-10-09 17:28:30 #10 type] 
Type domain.Alert is not enhanced.

[2025-10-09 17:28:30 #11 type] 
Type domain.Admin is not enhanced.

------------------------------------------------------------------------------------------------------------------------

[2025-10-09 17:30:48 #1 store] 
Database 'C:\Users\Haritz\Desktop\UNI\4.urtea\SI2\SI2\Rides24\src\main\resources\rides.temp' has been recovered (tr. 537-606)

[2025-10-09 17:30:48 #2 store] 
Database 'C:\Users\Haritz\Desktop\UNI\4.urtea\SI2\SI2\Rides24\src\main\resources\rides.temp' is opened by 13256@Vivobook-ASUS

[2025-10-09 17:30:48 #3 type] 
Type domain.Driver is not enhanced.

[2025-10-09 17:30:48 #4 type] 
Type domain.Complaint is not enhanced.

[2025-10-09 17:30:48 #5 type] 
Type domain.Transaction is not enhanced.

[2025-10-09 17:30:48 #6 type] 
Type domain.Car is not enhanced.

[2025-10-09 17:30:48 #7 type] 
Type domain.Reservation is not enhanced.

[2025-10-09 17:30:48 #8 type] 
Type domain.Ride is not enhanced.

[2025-10-09 17:30:48 #9 type] 
Type domain.Traveler is not enhanced.

[2025-10-09 17:30:48 #10 type] 
Type domain.Alert is not enhanced.

[2025-10-09 17:30:48 #11 type] 
Type domain.Admin is not enhanced.

------------------------------------------------------------------------------------------------------------------------

[2025-10-09 17:33:47 #1 store] 
Database 'C:\Users\Haritz\Desktop\UNI\4.urtea\SI2\SI2\Rides24\src\main\resources\rides.temp' has been recovered (tr. 607-612)

[2025-10-09 17:33:47 #2 store] 
Database 'C:\Users\Haritz\Desktop\UNI\4.urtea\SI2\SI2\Rides24\src\main\resources\rides.temp' is opened by 23936@Vivobook-ASUS

[2025-10-09 17:33:47 #3 type] 
Type domain.Driver is not enhanced.

[2025-10-09 17:33:47 #4 type] 
Type domain.Complaint is not enhanced.

[2025-10-09 17:33:47 #5 type] 
Type domain.Transaction is not enhanced.

[2025-10-09 17:33:47 #6 type] 
Type domain.Car is not enhanced.

[2025-10-09 17:33:47 #7 type] 
Type domain.Reservation is not enhanced.

[2025-10-09 17:33:47 #8 type] 
Type domain.Ride is not enhanced.

[2025-10-09 17:33:47 #9 type] 
Type domain.Traveler is not enhanced.

[2025-10-09 17:33:47 #10 type] 
Type domain.Alert is not enhanced.

[2025-10-09 17:33:47 #11 type] 
Type domain.Admin is not enhanced.

------------------------------------------------------------------------------------------------------------------------

[2025-10-09 17:34:16 #1 store] 
Database 'C:\Users\Haritz\Desktop\UNI\4.urtea\SI2\SI2\Rides24\src\main\resources\rides.temp' has been recovered (tr. 613-680)

[2025-10-09 17:34:16 #2 store] 
Database 'C:\Users\Haritz\Desktop\UNI\4.urtea\SI2\SI2\Rides24\src\main\resources\rides.temp' is opened by 3336@Vivobook-ASUS

[2025-10-09 17:34:16 #3 type] 
Type domain.Driver is not enhanced.

[2025-10-09 17:34:16 #4 type] 
Type domain.Complaint is not enhanced.

[2025-10-09 17:34:16 #5 type] 
Type domain.Transaction is not enhanced.

[2025-10-09 17:34:16 #6 type] 
Type domain.Car is not enhanced.

[2025-10-09 17:34:16 #7 type] 
Type domain.Reservation is not enhanced.

[2025-10-09 17:34:16 #8 type] 
Type domain.Ride is not enhanced.

[2025-10-09 17:34:16 #9 type] 
Type domain.Traveler is not enhanced.

[2025-10-09 17:34:16 #10 type] 
Type domain.Alert is not enhanced.

[2025-10-09 17:34:16 #11 type] 
Type domain.Admin is not enhanced.

------------------------------------------------------------------------------------------------------------------------

[2025-10-09 17:34:22 #1 store] 
Database 'C:\Users\Haritz\Desktop\UNI\4.urtea\SI2\SI2\Rides24\src\main\resources\rides.temp' has been recovered (tr. 681-707)

[2025-10-09 17:34:22 #2 store] 
Database 'C:\Users\Haritz\Desktop\UNI\4.urtea\SI2\SI2\Rides24\src\main\resources\rides.temp' is opened by 12844@Vivobook-ASUS

[2025-10-09 17:34:22 #3 type] 
Type domain.Driver is not enhanced.

[2025-10-09 17:34:22 #4 type] 
Type domain.Complaint is not enhanced.

[2025-10-09 17:34:22 #5 type] 
Type domain.Transaction is not enhanced.

[2025-10-09 17:34:22 #6 type] 
Type domain.Car is not enhanced.

[2025-10-09 17:34:22 #7 type] 
Type domain.Reservation is not enhanced.

[2025-10-09 17:34:22 #8 type] 
Type domain.Ride is not enhanced.

[2025-10-09 17:34:22 #9 type] 
Type domain.Traveler is not enhanced.

[2025-10-09 17:34:22 #10 type] 
Type domain.Alert is not enhanced.

[2025-10-09 17:34:22 #11 type] 
Type domain.Admin is not enhanced.

------------------------------------------------------------------------------------------------------------------------

[2025-10-09 17:45:35 #1 store] 
Database 'C:\Users\Haritz\Downloads\Rides24\src\main\resources\rides.temp' has been recovered (tr. 708-723)

[2025-10-09 17:45:35 #2 store] 
Database 'C:\Users\Haritz\Downloads\Rides24\src\main\resources\rides.temp' is opened by 13080@Vivobook-ASUS

[2025-10-09 17:45:35 #3 type] 
Type domain.Driver is not enhanced.

[2025-10-09 17:45:35 #4 type] 
Type domain.Complaint is not enhanced.

[2025-10-09 17:45:35 #5 type] 
Type domain.Transaction is not enhanced.

[2025-10-09 17:45:35 #6 type] 
Type domain.Car is not enhanced.

[2025-10-09 17:45:35 #7 type] 
Type domain.Reservation is not enhanced.

[2025-10-09 17:45:35 #8 type] 
Type domain.Ride is not enhanced.

[2025-10-09 17:45:35 #9 type] 
Type domain.Traveler is not enhanced.

[2025-10-09 17:45:35 #10 type] 
Type domain.Alert is not enhanced.

[2025-10-09 17:45:35 #11 type] 
Type domain.Admin is not enhanced.

